
**
Time      : 2026-07-15 15:02:03.953695 +0530 IST m=+21.579810401
Service   : Institution
Method    : POST
Endpoint  : /institutes
Status    : 400

Request:
"{\n  \"name\": \"Aw\",\n  \"institution_code\": \"dnjds\",\n  \"state\": \"Tamil Nadu\"\n}"

Response:
"{\"message\":\"institution name or code already exists\",\"success\":false}"

**


**
Time      : 2026-07-15 15:02:09.4664577 +0530 IST m=+27.092573101
Service   : Institution
Method    : POST
Endpoint  : /institutes
Status    : 400

Request:
"{\n  \"name\": \"A\\w\",\n  \"institution_code\": \"dnjds\",\n  \"state\": \"Tamil Nadu\"\n}"

Response:
"{\"message\":\"invalid request body: bind from body: invalid character 'w' in string escape code\",\"success\":false}"

**


**
Time      : 2026-07-15 15:02:17.4977937 +0530 IST m=+35.123909101
Service   : Institution
Method    : POST
Endpoint  : /institutes
Status    : 200

Request:
"{\n  \"name\": \"A5w\",\n  \"institution_code\": \"dnjds\",\n  \"state\": \"Tamil Nadu\"\n}"

Response:
"{\"data\":{\"id\":11,\"name\":\"A5w\",\"institution_code\":\"dnjds\",\"state\":\"Tamil Nadu\",\"isactive\":true,\"departments\":[]},\"message\":\"Institution created successfully\",\"success\":true}"

**


**
Time      : 2026-07-15 15:15:57.4217802 +0530 IST m=+163.348186701
Service   : Student
Method    : POST
Endpoint  : /students
Status    : 200

Request:
"{\n  \"name\": \"Rahul Kumar\",\n  \"email\": \"raha@example.com\",\n  \"gender\": \"Male\",\n  \"faculty_id\": 2\n}"

Response:
"{\"data\":{\"id\":4,\"name\":\"Rahul Kumar\",\"email\":\"raha@example.com\",\"gender\":\"Male\",\"faculty_id\":2,\"isactive\":true,\"fees\":[]},\"message\":\"Student created successfully\",\"success\":true}"

**

