
**
Time      : 2026-07-16 15:10:20.1259225 +0530 IST m=+11.510477801
Service   : Student
Method    : POST
Endpoint  : /students
Status    : 400

Request:
"{\n  \"name\": \"Rarrhusla Kumar\",\n  \"email\": \"rarrdbshdsdiha@example.com\",\n  \"gender\": \"Male\",\n  \"faculty_id\": 3\n}"

Response:
"{\"message\":\"student email already registered, or assigned faculty is inactive/invalid\",\"success\":false}"

**


**
Time      : 2026-07-16 15:32:59.8868899 +0530 IST m=+41.300031901
Service   : Auth
Method    : POST
Endpoint  : /signin
Status    : 200

Request:
"[REDACTED/SENSITIVE]"

Response:
"{\"data\":{\"token\":\"eyJhbGciOiJIUzI1NiIsInR5cCI6IkpXVCJ9.eyJleHAiOjE3ODQyODI1NzksImlhdCI6MTc4NDE5NjE3OSwidXNlcl9pZCI6OX0.70nlyRrZ6ZVFrnkjA6bDpjUMl7-OSGTwlgtIrTAPNy0\"},\"message\":\"Signed in successfully\",\"success\":true}"

**


**
Time      : 2026-07-16 15:38:14.6614343 +0530 IST m=+356.074576301
Service   : Auth
Method    : POST
Endpoint  : /signin
Status    : 200

Request:
"[REDACTED/SENSITIVE]"

Response:
"{\"data\":{\"token\":\"eyJhbGciOiJIUzI1NiIsInR5cCI6IkpXVCJ9.eyJleHAiOjE3ODQyODI4OTQsImlhdCI6MTc4NDE5NjQ5NCwidXNlcl9pZCI6OX0.MWAHt0XmiSZcI4SuGEqpWXa3c9JH5iA9joJdfxH3bEw\"},\"message\":\"Signed in successfully\",\"success\":true}"

**


**
Time      : 2026-07-16 15:38:59.1619922 +0530 IST m=+400.575134201
Service   : Auth
Method    : POST
Endpoint  : /signup
Status    : 200

Request:
"[REDACTED/SENSITIVE]"

Response:
"{\"data\":{\"id\":10,\"name\":\"User\",\"email\":\"Useraddfs@example.com\",\"phone\":\"9999399991\",\"isactive\":true},\"message\":\"Signed up successfully\",\"success\":true}"

**


**
Time      : 2026-07-16 15:49:48.0344976 +0530 IST m=+1049.447639601
Service   : Auth
Method    : POST
Endpoint  : /signup
Status    : 400

Request:
"[REDACTED/SENSITIVE]"

Response:
"{\"message\":\"email already exists\",\"success\":false}"

**


**
Time      : 2026-07-16 15:50:00.6535194 +0530 IST m=+1062.066661401
Service   : Auth
Method    : POST
Endpoint  : /signup
Status    : 400

Request:
"[REDACTED/SENSITIVE]"

Response:
"{\"message\":\"invalid phone number format\",\"success\":false}"

**


**
Time      : 2026-07-16 15:50:09.5572034 +0530 IST m=+1070.970345401
Service   : Auth
Method    : POST
Endpoint  : /signup
Status    : 200

Request:
"[REDACTED/SENSITIVE]"

Response:
"{\"data\":{\"id\":12,\"name\":\"User\",\"email\":\"Usseraddfs@example.com\",\"phone\":\"9990399991\",\"isactive\":true},\"message\":\"Signed up successfully\",\"success\":true}"

**


**
Time      : 2026-07-16 15:54:32.7848424 +0530 IST m=+1334.197984401
Service   : Auth
Method    : POST
Endpoint  : /signup
Status    : 400

Request:
"[REDACTED/SENSITIVE]"

Response:
"{\"message\":\"email already exists\",\"success\":false}"

**


**
Time      : 2026-07-16 15:55:32.0371685 +0530 IST m=+1393.450310501
Service   : Auth
Method    : POST
Endpoint  : /signup
Status    : 200

Request:
"[REDACTED/SENSITIVE]"

Response:
"{\"data\":{\"id\":14,\"name\":\"User\",\"email\":\"U@gmail.com\",\"phone\":\"4563218474\",\"isactive\":true},\"message\":\"Signed up successfully\",\"success\":true}"

**


**
Time      : 2026-07-16 16:05:42.1787829 +0530 IST m=+2003.591924901
Service   : Auth
Method    : POST
Endpoint  : /signup
Status    : 400

Request:
"[REDACTED/SENSITIVE]"

Response:
"{\"message\":\"email already exists\",\"success\":false}"

**


**
Time      : 2026-07-16 16:05:59.8661671 +0530 IST m=+2021.279309101
Service   : Auth
Method    : POST
Endpoint  : /signup
Status    : 200

Request:
"[REDACTED/SENSITIVE]"

Response:
"{\"data\":{\"id\":16,\"name\":\"User\",\"email\":\"Usss@gmail.com\",\"phone\":\"9963218474\",\"isactive\":true},\"message\":\"Signed up successfully\",\"success\":true}"

**


**
Time      : 2026-07-16 16:08:51.4428102 +0530 IST m=+2192.855952201
Service   : Auth
Method    : POST
Endpoint  : /signup
Status    : 400

Request:
"[REDACTED/SENSITIVE]"

Response:
"{\"message\":\"email already exists\",\"success\":false}"

**


**
Time      : 2026-07-16 16:09:00.1613586 +0530 IST m=+2201.574500601
Service   : Auth
Method    : POST
Endpoint  : /signup
Status    : 400

Request:
"[REDACTED/SENSITIVE]"

Response:
"{\"message\":\"email already exists\",\"success\":false}"

**


**
Time      : 2026-07-16 16:09:08.4111565 +0530 IST m=+2209.824298501
Service   : Auth
Method    : POST
Endpoint  : /signup
Status    : 200

Request:
"[REDACTED/SENSITIVE]"

Response:
"{\"data\":{\"id\":19,\"name\":\"User\",\"email\":\"ushbdhbhj@gmail.com\",\"phone\":\"0863218474\",\"isactive\":true},\"message\":\"Signed up successfully\",\"success\":true}"

**


**
Time      : 2026-07-16 16:10:53.0336731 +0530 IST m=+2314.446815101
Service   : Auth
Method    : POST
Endpoint  : /signup
Status    : 200

Request:
"[REDACTED/SENSITIVE]"

Response:
"{\"data\":{\"id\":20,\"name\":\"User\",\"email\":\"usgfbhdfbhfdih@gmail.com\",\"phone\":\"1111111111\",\"isactive\":true},\"message\":\"Signed up successfully\",\"success\":true}"

**


**
Time      : 2026-07-16 16:21:47.6743863 +0530 IST m=+2969.087528301
Service   : Auth
Method    : POST
Endpoint  : /signup
Status    : 200

Request:
"[REDACTED/SENSITIVE]"

Response:
"{\"data\":{\"id\":21,\"name\":\"User\",\"email\":\"OOh@gmail.com\",\"phone\":\"1011111111\",\"isactive\":true},\"message\":\"Signed up successfully\",\"success\":true}"

**


**
Time      : 2026-07-16 16:23:10.1078176 +0530 IST m=+3051.520959601
Service   : Auth
Method    : POST
Endpoint  : /signup
Status    : 400

Request:
"[REDACTED/SENSITIVE]"

Response:
"{\"message\":\"phone number already exists\",\"success\":false}"

**


**
Time      : 2026-07-16 16:23:18.5474401 +0530 IST m=+3059.960582101
Service   : Auth
Method    : POST
Endpoint  : /signup
Status    : 200

Request:
"[REDACTED/SENSITIVE]"

Response:
"{\"data\":{\"id\":23,\"name\":\"User\",\"email\":\"Omh@gmail.com\",\"phone\":\"1011111311\",\"isactive\":true},\"message\":\"Signed up successfully\",\"success\":true}"

**


**
Time      : 2026-07-17 12:29:03.8688699 +0530 IST m=+8.152159401
Service   : Institution
Method    : POST
Endpoint  : /institutes
Status    : 400

Request:
"{\n  \"name\": \"A5DDwBBSSFFVV\",\n  \"institution_code\": \"FFSSdnDVjBBs\",\n  \"state\": \"Tamil Nadu\"\n}"

Response:
"{\"message\":\"institution name or code already exists\",\"success\":false}"

**


**
Time      : 2026-07-17 12:40:14.7800488 +0530 IST m=+679.063338301
Service   : General
Method    : DELETE
Endpoint  : //28
Status    : 200

Request:
""

Response:
""

**


**
Time      : 2026-07-17 12:40:56.1751658 +0530 IST m=+720.458455301
Service   : General
Method    : DELETE
Endpoint  : //users/28
Status    : 200

Request:
""

Response:
""

**


**
Time      : 2026-07-17 12:40:58.8878657 +0530 IST m=+723.171155201
Service   : General
Method    : DELETE
Endpoint  : //users28
Status    : 200

Request:
""

Response:
""

**


**
Time      : 2026-07-17 12:41:15.8297511 +0530 IST m=+740.113040601
Service   : General
Method    : DELETE
Endpoint  : //users/28
Status    : 200

Request:
""

Response:
""

**


**
Time      : 2026-07-17 12:42:50.3513609 +0530 IST m=+834.634650401
Service   : General
Method    : DELETE
Endpoint  : //users/28
Status    : 200

Request:
""

Response:
""

**


**
Time      : 2026-07-17 12:42:51.836362 +0530 IST m=+836.119651501
Service   : General
Method    : DELETE
Endpoint  : //users/28
Status    : 200

Request:
""

Response:
""

**


**
Time      : 2026-07-17 12:43:30.4337258 +0530 IST m=+874.717015301
Service   : General
Method    : DELETE
Endpoint  : /users/28
Status    : 200

Request:
""

Response:
"{\"data\":null,\"message\":\"User deleted successfully\",\"success\":true}"

**


**
Time      : 2026-07-17 12:43:37.5401366 +0530 IST m=+881.823426101
Service   : Auth
Method    : POST
Endpoint  : /signup
Status    : 400

Request:
"[REDACTED/SENSITIVE]"

Response:
"{\"message\":\"email already exists\",\"success\":false}"

**


**
Time      : 2026-07-17 12:43:55.5627102 +0530 IST m=+899.845999701
Service   : General
Method    : DELETE
Endpoint  : /users/28
Status    : 400

Request:
""

Response:
"{\"message\":\"user not found or already deleted\",\"success\":false}"

**


**
Time      : 2026-07-17 12:45:27.9719896 +0530 IST m=+992.255279101
Service   : Auth
Method    : POST
Endpoint  : /signup
Status    : 400

Request:
"[REDACTED/SENSITIVE]"

Response:
"{\"message\":\"email already exists\",\"success\":false}"

**


**
Time      : 2026-07-17 12:46:46.2133472 +0530 IST m=+1070.496636701
Service   : Auth
Method    : POST
Endpoint  : /signup
Status    : 400

Request:
"[REDACTED/SENSITIVE]"

Response:
"{\"message\":\"email already exists\",\"success\":false}"

**


**
Time      : 2026-07-17 12:46:50.2330918 +0530 IST m=+1074.516381301
Service   : Auth
Method    : POST
Endpoint  : /signup
Status    : 400

Request:
"[REDACTED/SENSITIVE]"

Response:
"{\"message\":\"email already exists\",\"success\":false}"

**


**
Time      : 2026-07-17 12:46:54.5748253 +0530 IST m=+1078.858114801
Service   : General
Method    : DELETE
Endpoint  : /users/28
Status    : 200

Request:
""

Response:
"{\"data\":null,\"message\":\"User deleted successfully\",\"success\":true}"

**


**
Time      : 2026-07-17 12:47:02.7662582 +0530 IST m=+1087.049547701
Service   : Auth
Method    : POST
Endpoint  : /signup
Status    : 200

Request:
"[REDACTED/SENSITIVE]"

Response:
"{\"data\":{\"id\":33,\"name\":\"User\",\"email\":\"adithya.learner@gmail.com\",\"phone\":\"4532486253\",\"isactive\":true},\"message\":\"Signed up successfully\",\"success\":true}"

**


**
Time      : 2026-07-17 12:48:08.7287337 +0530 IST m=+1153.012023201
Service   : General
Method    : DELETE
Endpoint  : /users/24
Status    : 200

Request:
""

Response:
"{\"data\":null,\"message\":\"User deleted successfully\",\"success\":true}"

**


**
Time      : 2026-07-17 12:48:31.4265604 +0530 IST m=+1175.709849901
Service   : Auth
Method    : POST
Endpoint  : /signup
Status    : 400

Request:
"[REDACTED/SENSITIVE]"

Response:
"{\"message\":\"phone number already exists\",\"success\":false}"

**


**
Time      : 2026-07-17 12:49:13.4762916 +0530 IST m=+1217.759581101
Service   : Auth
Method    : POST
Endpoint  : /signup
Status    : 400

Request:
"[REDACTED/SENSITIVE]"

Response:
"{\"message\":\"phone number already exists\",\"success\":false}"

**


**
Time      : 2026-07-17 12:49:36.7534993 +0530 IST m=+1241.036788801
Service   : Auth
Method    : POST
Endpoint  : /signup
Status    : 400

Request:
"[REDACTED/SENSITIVE]"

Response:
"{\"message\":\"phone number already exists\",\"success\":false}"

**


**
Time      : 2026-07-17 12:49:46.1294053 +0530 IST m=+1250.412694801
Service   : Auth
Method    : POST
Endpoint  : /signup
Status    : 200

Request:
"[REDACTED/SENSITIVE]"

Response:
"{\"data\":{\"id\":37,\"name\":\"User\",\"email\":\"ahilcicil5@gmail.com\",\"phone\":\"8485454324\",\"isactive\":true},\"message\":\"Signed up successfully\",\"success\":true}"

**


**
Time      : 2026-07-17 12:50:58.0369475 +0530 IST m=+1322.320237001
Service   : Auth
Method    : POST
Endpoint  : /signup
Status    : 400

Request:
"[REDACTED/SENSITIVE]"

Response:
"{\"message\":\"email already exists\",\"success\":false}"

**


**
Time      : 2026-07-17 12:51:11.3179693 +0530 IST m=+1335.601258801
Service   : General
Method    : DELETE
Endpoint  : /users/33
Status    : 200

Request:
""

Response:
"{\"data\":null,\"message\":\"User deleted successfully\",\"success\":true}"

**


**
Time      : 2026-07-17 12:51:19.0331749 +0530 IST m=+1343.316464401
Service   : Auth
Method    : POST
Endpoint  : /signup
Status    : 200

Request:
"[REDACTED/SENSITIVE]"

Response:
"{\"data\":{\"id\":39,\"name\":\"User\",\"email\":\"adithya.learner@gmail.com\",\"phone\":\"4445454558\",\"isactive\":true},\"message\":\"Signed up successfully\",\"success\":true}"

**


**
Time      : 2026-07-17 12:53:37.1184922 +0530 IST m=+1481.401781701
Service   : Auth
Method    : POST
Endpoint  : /signup
Status    : 400

Request:
"[REDACTED/SENSITIVE]"

Response:
"{\"message\":\"email already exists\",\"success\":false}"

**


**
Time      : 2026-07-17 12:54:26.5661611 +0530 IST m=+1530.849450601
Service   : Auth
Method    : POST
Endpoint  : /signup
Status    : 200

Request:
"[REDACTED/SENSITIVE]"

Response:
"{\"data\":{\"id\":41,\"name\":\"User\",\"email\":\"adhi.learner@gmail.com\",\"phone\":\"8995523047\",\"isactive\":true},\"message\":\"Signed up successfully\",\"success\":true}"

**


**
Time      : 2026-07-17 12:59:54.0868994 +0530 IST m=+1858.370188901
Service   : General
Method    : DELETE
Endpoint  : /users/27
Status    : 200

Request:
""

Response:
"{\"data\":null,\"message\":\"User deleted successfully\",\"success\":true}"

**


**
Time      : 2026-07-17 13:00:23.5841035 +0530 IST m=+1887.867393001
Service   : Auth
Method    : POST
Endpoint  : /signup
Status    : 200

Request:
"[REDACTED/SENSITIVE]"

Response:
"{\"data\":{\"id\":42,\"name\":\"User\",\"email\":\"ahil22005.it@rmkec.ac.in\",\"phone\":\"7896314228\",\"isactive\":true},\"message\":\"Signed up successfully\",\"success\":true}"

**

